Flow report for lab2
Wed Dec 23 13:43:18 2015
Quartus II Version 8.1 Build 163 10/28/2008 SJ Web Edition


---------------------
; Table of Contents ;
---------------------
  1. Legal Notice
  2. Flow Summary
  3. Flow Settings
  4. Flow Non-Default Global Settings
  5. Flow Elapsed Time
  6. Flow OS Summary
  7. Flow Log



----------------
; Legal Notice ;
----------------
Copyright (C) 1991-2008 Altera Corporation
Your use of Altera Corporation's design tools, logic functions 
and other software and tools, and its AMPP partner logic 
functions, and any output files from any of the foregoing 
(including device programming or simulation files), and any 
associated documentation or information are expressly subject 
to the terms and conditions of the Altera Program License 
Subscription Agreement, Altera MegaCore Function License 
Agreement, or other applicable license agreement, including, 
without limitation, that your use is for the sole purpose of 
programming logic devices manufactured by Altera and sold by 
Altera or its authorized distributors.  Please refer to the 
applicable agreement for further details.



+------------------------------------------------------------------------------+
; Flow Summary                                                                 ;
+------------------------------------+-----------------------------------------+
; Flow Status                        ; Successful - Wed Dec 23 13:43:18 2015   ;
; Quartus II Version                 ; 8.1 Build 163 10/28/2008 SJ Web Edition ;
; Revision Name                      ; lab2                                    ;
; Top-level Entity Name              ; HardwareProcessor                       ;
; Family                             ; Cyclone II                              ;
; Device                             ; EP2C20F484C7                            ;
; Timing Models                      ; Final                                   ;
; Met timing requirements            ; N/A                                     ;
; Total logic elements               ; N/A until Partition Merge               ;
;     Total combinational functions  ; N/A until Partition Merge               ;
;     Dedicated logic registers      ; N/A until Partition Merge               ;
; Total registers                    ; N/A until Partition Merge               ;
; Total pins                         ; N/A until Partition Merge               ;
; Total virtual pins                 ; N/A until Partition Merge               ;
; Total memory bits                  ; N/A until Partition Merge               ;
; Embedded Multiplier 9-bit elements ; N/A until Partition Merge               ;
; Total PLLs                         ; N/A until Partition Merge               ;
+------------------------------------+-----------------------------------------+


+-----------------------------------------+
; Flow Settings                           ;
+-------------------+---------------------+
; Option            ; Setting             ;
+-------------------+---------------------+
; Start date & time ; 12/23/2015 13:43:13 ;
; Main task         ; Compilation         ;
; Revision Name     ; lab2                ;
+-------------------+---------------------+


+-----------------------------------------------------------------------------------------------------------------------------------------------------------------------+
; Flow Non-Default Global Settings                                                                                                                                      ;
+---------------------------------------+--------------------------------------------------------------------------+---------------+-------------------+----------------+
; Assignment Name                       ; Value                                                                    ; Default Value ; Entity Name       ; Section Id     ;
+---------------------------------------+--------------------------------------------------------------------------+---------------+-------------------+----------------+
; COMPILER_SIGNATURE_ID                 ; 123486314694.145084939304260                                             ; --            ; --                ; --             ;
; MAX_CORE_JUNCTION_TEMP                ; 85                                                                       ; --            ; --                ; --             ;
; MIN_CORE_JUNCTION_TEMP                ; 0                                                                        ; --            ; --                ; --             ;
; MISC_FILE                             ; C:/Users/Student/Desktop/BAME2044ASICFPGA/processor/practical 1/lab2.dpf ; --            ; --                ; --             ;
; PARTITION_COLOR                       ; 16764057                                                                 ; --            ; HardwareProcessor ; Top            ;
; PARTITION_FITTER_PRESERVATION_LEVEL   ; PLACEMENT_AND_ROUTING                                                    ; --            ; HardwareProcessor ; Top            ;
; PARTITION_NETLIST_TYPE                ; SOURCE                                                                   ; --            ; HardwareProcessor ; Top            ;
; POWER_BOARD_THERMAL_MODEL             ; None (CONSERVATIVE)                                                      ; --            ; --                ; --             ;
; POWER_PRESET_COOLING_SOLUTION         ; 23 MM HEAT SINK WITH 200 LFPM AIRFLOW                                    ; --            ; --                ; --             ;
; SYNCHRONIZATION_REGISTER_CHAIN_LENGTH ; 2                                                                        ; 3             ; --                ; --             ;
; SYNTH_TIMING_DRIVEN_SYNTHESIS         ; Off                                                                      ; On            ; --                ; --             ;
; TOP_LEVEL_ENTITY                      ; HardwareProcessor                                                        ; lab2          ; --                ; --             ;
; USE_GENERATED_PHYSICAL_CONSTRAINTS    ; Off                                                                      ; --            ; --                ; eda_blast_fpga ;
+---------------------------------------+--------------------------------------------------------------------------+---------------+-------------------+----------------+


+--------------------------------------------------------------------------------------------------------------------------+
; Flow Elapsed Time                                                                                                        ;
+----------------------+--------------+-------------------------+---------------------+------------------------------------+
; Module Name          ; Elapsed Time ; Average Processors Used ; Peak Virtual Memory ; Total CPU Time (on all processors) ;
+----------------------+--------------+-------------------------+---------------------+------------------------------------+
; Analysis & Synthesis ; 00:00:05     ; 1.0                     ; 196 MB              ; 00:00:05                           ;
; Total                ; 00:00:05     ; --                      ; --                  ; 00:00:05                           ;
+----------------------+--------------+-------------------------+---------------------+------------------------------------+


+---------------------------------------------------------------------------------------+
; Flow OS Summary                                                                       ;
+----------------------+------------------+---------------+------------+----------------+
; Module Name          ; Machine Hostname ; OS Name       ; OS Version ; Processor type ;
+----------------------+------------------+---------------+------------+----------------+
; Analysis & Synthesis ; D203C-01-PC      ; Windows Vista ; 6.1        ; i686           ;
+----------------------+------------------+---------------+------------+----------------+


------------
; Flow Log ;
------------
quartus_map --read_settings_files=on --write_settings_files=off lab2 -c lab2



